This is pdfTeX, Version 3.1415926-2.5-1.40.14 (TeX Live 2013/MacPorts 2013_5) (format=pdflatex 2014.3.24)  3 OCT 2014 15:56
entering extended mode
 restricted \write18 enabled.
 %&-line parsing enabled.
**\input si.tex
(./si.tex (/opt/local/share/texmf-texlive/tex/latex/base/article.cls
Document Class: article 2007/10/19 v1.4h Standard LaTeX document class
(/opt/local/share/texmf-texlive/tex/latex/base/size11.clo
File: size11.clo 2007/10/19 v1.4h Standard LaTeX file (size option)
)
\c@part=\count79
\c@section=\count80
\c@subsection=\count81
\c@subsubsection=\count82
\c@paragraph=\count83
\c@subparagraph=\count84
\c@figure=\count85
\c@table=\count86
\abovecaptionskip=\skip41
\belowcaptionskip=\skip42
\bibindent=\dimen102
)
(/opt/local/share/texmf-texlive/tex/latex/float/float.sty
Package: float 2001/11/08 v1.3d Float enhancements (AL)
\c@float@type=\count87
\float@exts=\toks14
\float@box=\box26
\@float@everytoks=\toks15
\@floatcapt=\box27
)
(/opt/local/share/texmf-texlive/tex/latex/graphics/graphicx.sty
Package: graphicx 1999/02/16 v1.0f Enhanced LaTeX Graphics (DPC,SPQR)

(/opt/local/share/texmf-texlive/tex/latex/graphics/keyval.sty
Package: keyval 1999/03/16 v1.13 key=value parser (DPC)
\KV@toks@=\toks16
)
(/opt/local/share/texmf-texlive/tex/latex/graphics/graphics.sty
Package: graphics 2009/02/05 v1.0o Standard LaTeX Graphics (DPC,SPQR)

(/opt/local/share/texmf-texlive/tex/latex/graphics/trig.sty
Package: trig 1999/03/16 v1.09 sin cos tan (DPC)
)
(/opt/local/share/texmf-texlive/tex/latex/latexconfig/graphics.cfg
File: graphics.cfg 2010/04/23 v1.9 graphics configuration of TeX Live
)
Package graphics Info: Driver file: pdftex.def on input line 91.

(/opt/local/share/texmf-texlive/tex/latex/pdftex-def/pdftex.def
File: pdftex.def 2011/05/27 v0.06d Graphics/color for pdfTeX

(/opt/local/share/texmf-texlive/tex/generic/oberdiek/infwarerr.sty
Package: infwarerr 2010/04/08 v1.3 Providing info/warning/error messages (HO)
)
(/opt/local/share/texmf-texlive/tex/generic/oberdiek/ltxcmds.sty
Package: ltxcmds 2011/11/09 v1.22 LaTeX kernel commands for general use (HO)
)
\Gread@gobject=\count88
))
\Gin@req@height=\dimen103
\Gin@req@width=\dimen104
)
(/opt/local/share/texmf-texlive/tex/latex/amsmath/amsmath.sty
Package: amsmath 2013/01/14 v2.14 AMS math features
\@mathmargin=\skip43

For additional information on amsmath, use the `?' option.
(/opt/local/share/texmf-texlive/tex/latex/amsmath/amstext.sty
Package: amstext 2000/06/29 v2.01

(/opt/local/share/texmf-texlive/tex/latex/amsmath/amsgen.sty
File: amsgen.sty 1999/11/30 v2.0
\@emptytoks=\toks17
\ex@=\dimen105
))
(/opt/local/share/texmf-texlive/tex/latex/amsmath/amsbsy.sty
Package: amsbsy 1999/11/29 v1.2d
\pmbraise@=\dimen106
)
(/opt/local/share/texmf-texlive/tex/latex/amsmath/amsopn.sty
Package: amsopn 1999/12/14 v2.01 operator names
)
\inf@bad=\count89
LaTeX Info: Redefining \frac on input line 210.
\uproot@=\count90
\leftroot@=\count91
LaTeX Info: Redefining \overline on input line 306.
\classnum@=\count92
\DOTSCASE@=\count93
LaTeX Info: Redefining \ldots on input line 378.
LaTeX Info: Redefining \dots on input line 381.
LaTeX Info: Redefining \cdots on input line 466.
\Mathstrutbox@=\box28
\strutbox@=\box29
\big@size=\dimen107
LaTeX Font Info:    Redeclaring font encoding OML on input line 566.
LaTeX Font Info:    Redeclaring font encoding OMS on input line 567.
\macc@depth=\count94
\c@MaxMatrixCols=\count95
\dotsspace@=\muskip10
\c@parentequation=\count96
\dspbrk@lvl=\count97
\tag@help=\toks18
\row@=\count98
\column@=\count99
\maxfields@=\count100
\andhelp@=\toks19
\eqnshift@=\dimen108
\alignsep@=\dimen109
\tagshift@=\dimen110
\tagwidth@=\dimen111
\totwidth@=\dimen112
\lineht@=\dimen113
\@envbody=\toks20
\multlinegap=\skip44
\multlinetaggap=\skip45
\mathdisplay@stack=\toks21
LaTeX Info: Redefining \[ on input line 2665.
LaTeX Info: Redefining \] on input line 2666.
)
(/opt/local/share/texmf-texlive/tex/latex/geometry/geometry.sty
Package: geometry 2010/09/12 v5.6 Page Geometry

(/opt/local/share/texmf-texlive/tex/generic/oberdiek/ifpdf.sty
Package: ifpdf 2011/01/30 v2.3 Provides the ifpdf switch (HO)
Package ifpdf Info: pdfTeX in PDF mode is detected.
)
(/opt/local/share/texmf-texlive/tex/generic/oberdiek/ifvtex.sty
Package: ifvtex 2010/03/01 v1.5 Detect VTeX and its facilities (HO)
Package ifvtex Info: VTeX not detected.
)
(/opt/local/share/texmf-texlive/tex/generic/ifxetex/ifxetex.sty
Package: ifxetex 2010/09/12 v0.6 Provides ifxetex conditional
)
\Gm@cnth=\count101
\Gm@cntv=\count102
\c@Gm@tempcnt=\count103
\Gm@bindingoffset=\dimen114
\Gm@wd@mp=\dimen115
\Gm@odd@mp=\dimen116
\Gm@even@mp=\dimen117
\Gm@layoutwidth=\dimen118
\Gm@layoutheight=\dimen119
\Gm@layouthoffset=\dimen120
\Gm@layoutvoffset=\dimen121
\Gm@dimlist=\toks22
)
(./apacite2.sty

LaTeX Warning: You have requested package `apacite2',
               but the package provides `apacite'.

Package: apacite 2012/02/25 v6.01 APA citation
\c@BibCnt=\count104
\bibleftmargin=\skip46
\bibindent=\skip47
\bibparsep=\skip48
\bibitemsep=\skip49
\biblabelsep=\skip50
)

Package geometry Warning: Over-specification in `h'-direction.
    `width' (469.75499pt) is ignored.


Package geometry Warning: Over-specification in `v'-direction.
    `height' (650.43pt) is ignored.

(./si.aux)
\openout1 = `si.aux'.

LaTeX Font Info:    Checking defaults for OML/cmm/m/it on input line 24.
LaTeX Font Info:    ... okay on input line 24.
LaTeX Font Info:    Checking defaults for T1/cmr/m/n on input line 24.
LaTeX Font Info:    ... okay on input line 24.
LaTeX Font Info:    Checking defaults for OT1/cmr/m/n on input line 24.
LaTeX Font Info:    ... okay on input line 24.
LaTeX Font Info:    Checking defaults for OMS/cmsy/m/n on input line 24.
LaTeX Font Info:    ... okay on input line 24.
LaTeX Font Info:    Checking defaults for OMX/cmex/m/n on input line 24.
LaTeX Font Info:    ... okay on input line 24.
LaTeX Font Info:    Checking defaults for U/cmr/m/n on input line 24.
LaTeX Font Info:    ... okay on input line 24.
 (/opt/local/share/texmf-texlive/tex/context/base/supp-pdf.mkii
[Loading MPS to PDF converter (version 2006.09.02).]
\scratchcounter=\count105
\scratchdimen=\dimen122
\scratchbox=\box30
\nofMPsegments=\count106
\nofMParguments=\count107
\everyMPshowfont=\toks23
\MPscratchCnt=\count108
\MPscratchDim=\dimen123
\MPnumerator=\count109
\makeMPintoPDFobject=\count110
\everyMPtoPDFconversion=\toks24
) (/opt/local/share/texmf-texlive/tex/generic/oberdiek/pdftexcmds.sty
Package: pdftexcmds 2011/11/29 v0.20 Utility functions of pdfTeX for LuaTeX (HO
)

(/opt/local/share/texmf-texlive/tex/generic/oberdiek/ifluatex.sty
Package: ifluatex 2010/03/01 v1.3 Provides the ifluatex switch (HO)
Package ifluatex Info: LuaTeX not detected.
)
Package pdftexcmds Info: LuaTeX not detected.
Package pdftexcmds Info: \pdf@primitive is available.
Package pdftexcmds Info: \pdf@ifprimitive is available.
Package pdftexcmds Info: \pdfdraftmode found.
)
(/opt/local/share/texmf-texlive/tex/latex/oberdiek/epstopdf-base.sty
Package: epstopdf-base 2010/02/09 v2.5 Base part for package epstopdf

(/opt/local/share/texmf-texlive/tex/latex/oberdiek/grfext.sty
Package: grfext 2010/08/19 v1.1 Manage graphics extensions (HO)

(/opt/local/share/texmf-texlive/tex/generic/oberdiek/kvdefinekeys.sty
Package: kvdefinekeys 2011/04/07 v1.3 Define keys (HO)
))
(/opt/local/share/texmf-texlive/tex/latex/oberdiek/kvoptions.sty
Package: kvoptions 2011/06/30 v3.11 Key value format for package options (HO)

(/opt/local/share/texmf-texlive/tex/generic/oberdiek/kvsetkeys.sty
Package: kvsetkeys 2012/04/25 v1.16 Key value parser (HO)

(/opt/local/share/texmf-texlive/tex/generic/oberdiek/etexcmds.sty
Package: etexcmds 2011/02/16 v1.5 Avoid name clashes with e-TeX commands (HO)
Package etexcmds Info: Could not find \expanded.
(etexcmds)             That can mean that you are not using pdfTeX 1.50 or
(etexcmds)             that some package has redefined \expanded.
(etexcmds)             In the latter case, load this package earlier.
)))
Package grfext Info: Graphics extension search list:
(grfext)             [.png,.pdf,.jpg,.mps,.jpeg,.jbig2,.jb2,.PNG,.PDF,.JPG,.JPE
G,.JBIG2,.JB2,.eps]
(grfext)             \AppendGraphicsExtensions on input line 452.

(/opt/local/share/texmf-texlive/tex/latex/latexconfig/epstopdf-sys.cfg
File: epstopdf-sys.cfg 2010/07/13 v1.3 Configuration of (r)epstopdf for TeX Liv
e
))
*geometry* driver: auto-detecting
*geometry* detected driver: pdftex
*geometry* verbose mode - [ preamble ] result:
* driver: pdftex
* paper: <default>
* layout: <same size as paper>
* layoutoffset:(h,v)=(0.0pt,0.0pt)
* modes: 
* h-part:(L,W,R)=(72.26999pt, 469.75502pt, 72.26999pt)
* v-part:(T,H,B)=(72.26999pt, 650.43001pt, 72.26999pt)
* \paperwidth=614.295pt
* \paperheight=794.96999pt
* \textwidth=469.75502pt
* \textheight=650.43001pt
* \oddsidemargin=0.0pt
* \evensidemargin=0.0pt
* \topmargin=-37.0pt
* \headheight=12.0pt
* \headsep=25.0pt
* \topskip=11.0pt
* \footskip=30.0pt
* \marginparwidth=59.0pt
* \marginparsep=10.0pt
* \columnsep=10.0pt
* \skip\footins=10.0pt plus 4.0pt minus 2.0pt
* \hoffset=0.0pt
* \voffset=0.0pt
* \mag=1000
* \@twocolumnfalse
* \@twosidefalse
* \@mparswitchfalse
* \@reversemarginfalse
* (1in=72.27pt=25.4mm, 1cm=28.453pt)

\c@maskedRefs=\count111
(/opt/local/share/texmf-texlive/tex/latex/apacite/english.apc
File: english.apc 2012/02/25 v6.01 apacite language file
LaTeX Info: Redefining \BPBI on input line 129.
LaTeX Info: Redefining \BHBI on input line 130.
) (./si.toc)
\tf@toc=\write3
\openout3 = `si.toc'.


[1

{/opt/local/var/db/texmf/fonts/map/pdftex/updmap/pdftex.map}] [2] [3]
Missing character: There is no ‚ in font cmr10!
Missing character: There is no Ä in font cmr10!
Missing character: There is no ú in font cmr10!
Missing character: There is no ‚ in font cmr10!
Missing character: There is no Ä in font cmr10!
Missing character: There is no ù in font cmr10!
Missing character: There is no ‚ in font cmr10!
Missing character: There is no Ä in font cmr10!
Missing character: There is no ú in font cmr10!
Missing character: There is no ‚ in font cmr10!
Missing character: There is no Ä in font cmr10!
Missing character: There is no ù in font cmr10!

[4] [5] [6] [7] [8] [9] [10] <figures/grades.pdf, id=45, 542.025pt x 289.08pt>
File: figures/grades.pdf Graphic file (type pdf)

<use figures/grades.pdf>
Package pdftex.def Info: figures/grades.pdf used on input line 431.
(pdftex.def)             Requested size: 469.75499pt x 250.54478pt.
 [11]
<figures/wj_by_swm.pdf, id=49, 343.2825pt x 216.81pt>
File: figures/wj_by_swm.pdf Graphic file (type pdf)

<use figures/wj_by_swm.pdf>
Package pdftex.def Info: figures/wj_by_swm.pdf used on input line 462.
(pdftex.def)             Requested size: 325.215pt x 205.396pt.
 [12 <./figures/grades.pdf>]
<figures/wj_by_ans.pdf, id=60, 343.2825pt x 216.81pt>
File: figures/wj_by_ans.pdf Graphic file (type pdf)

<use figures/wj_by_ans.pdf>
Package pdftex.def Info: figures/wj_by_ans.pdf used on input line 472.
(pdftex.def)             Requested size: 325.215pt x 205.396pt.
 [13 <./figures/wj_by_swm.pdf> <./figures/wj_by_ans.pdf>] <figures/arith_by_vwm
.pdf, id=79, 343.2825pt x 216.81pt>
File: figures/arith_by_vwm.pdf Graphic file (type pdf)

<use figures/arith_by_vwm.pdf>
Package pdftex.def Info: figures/arith_by_vwm.pdf used on input line 482.
(pdftex.def)             Requested size: 325.215pt x 205.396pt.

<figures/swmdensities.pdf, id=80, 581.43008pt x 289.08pt>
File: figures/swmdensities.pdf Graphic file (type pdf)

<use figures/swmdensities.pdf>
Package pdftex.def Info: figures/swmdensities.pdf used on input line 494.
(pdftex.def)             Requested size: 469.75499pt x 233.56244pt.
 [14 <./figures/arith_by_vwm.pdf>]
<figures/swm.pdf, id=91, 418.57741pt x 266.18909pt>
File: figures/swm.pdf Graphic file (type pdf)
 <use figures/swm.pdf>
Package pdftex.def Info: figures/swm.pdf used on input line 506.
(pdftex.def)             Requested size: 325.215pt x 206.82242pt.

[15 <./figures/swmdensities.pdf>]
<figures/math1_class.pdf, id=947, 505.89pt x 505.89pt>
File: figures/math1_class.pdf Graphic file (type pdf)

<use figures/math1_class.pdf>
Package pdftex.def Info: figures/math1_class.pdf used on input line 520.
(pdftex.def)             Requested size: 397.48499pt x 397.49504pt.
 [16 <./figures/swm.pdf>]
<figures/math2_class.pdf, id=5557, 505.89pt x 505.89pt>
File: figures/math2_class.pdf Graphic file (type pdf)

<use figures/math2_class.pdf>
Package pdftex.def Info: figures/math2_class.pdf used on input line 528.
(pdftex.def)             Requested size: 397.48499pt x 397.49504pt.
 [17 <./figures/math1_class.pdf>]
<figures/cog1_class.pdf, id=5673, 505.89pt x 505.89pt>
File: figures/cog1_class.pdf Graphic file (type pdf)

<use figures/cog1_class.pdf>
Package pdftex.def Info: figures/cog1_class.pdf used on input line 537.
(pdftex.def)             Requested size: 397.48499pt x 397.49504pt.
 [18 <./figures/math2_class.pdf>]
<figures/cog2_class.pdf, id=5781, 505.89pt x 505.89pt>
File: figures/cog2_class.pdf Graphic file (type pdf)

<use figures/cog2_class.pdf>
Package pdftex.def Info: figures/cog2_class.pdf used on input line 546.
(pdftex.def)             Requested size: 397.48499pt x 397.49504pt.
 [19 <./figures/cog1_class.pdf>]
<figures/abacus_class.pdf, id=5882, 402.88077pt x 432.96594pt>
File: figures/abacus_class.pdf Graphic file (type pdf)

<use figures/abacus_class.pdf>
Package pdftex.def Info: figures/abacus_class.pdf used on input line 558.
(pdftex.def)             Requested size: 325.215pt x 349.4981pt.
 [20 <./figures/cog2_class.pdf>]
<figures/SDs.pdf, id=5989, 427.73372pt x 284.5018pt>
File: figures/SDs.pdf Graphic file (type pdf)
 <use figures/SDs.pdf>
Package pdftex.def Info: figures/SDs.pdf used on input line 573.
(pdftex.def)             Requested size: 325.215pt x 216.3191pt.

[21 <./figures/abacus_class.pdf>] [22 <./figures/SDs.pdf>] (./si.bbl)
Missing character: There is no ‚ in font cmr10!
Missing character: There is no Ä in font cmr10!
Missing character: There is no É in font cmr10!
 [23]
(./si.aux) ) 
Here is how much of TeX's memory you used:
 3189 strings out of 495035
 43444 string characters out of 6181625
 119614 words of memory out of 5000000
 6346 multiletter control sequences out of 15000+600000
 10223 words of font info for 37 fonts, out of 8000000 for 9000
 14 hyphenation exceptions out of 8191
 38i,9n,28p,958b,258s stack positions out of 5000i,500n,10000p,200000b,80000s
</opt/local/share/texmf-texlive/fonts/type1/public/amsfonts/cm/cmbx
10.pfb></opt/local/share/texmf-texlive/fonts/type1/public/amsfonts/cm/cmbx12.pf
b></opt/local/share/texmf-texlive/fonts/type1/public/amsfonts/cm/cmmi10.pfb></o
pt/local/share/texmf-texlive/fonts/type1/public/amsfonts/cm/cmmi8.pfb></opt/loc
al/share/texmf-texlive/fonts/type1/public/amsfonts/cm/cmr10.pfb></opt/local/sha
re/texmf-texlive/fonts/type1/public/amsfonts/cm/cmr12.pfb></opt/local/share/tex
mf-texlive/fonts/type1/public/amsfonts/cm/cmr17.pfb></opt/local/share/texmf-tex
live/fonts/type1/public/amsfonts/cm/cmr8.pfb></opt/local/share/texmf-texlive/fo
nts/type1/public/amsfonts/cm/cmsy10.pfb></opt/local/share/texmf-texlive/fonts/t
ype1/public/amsfonts/cm/cmti10.pfb></opt/local/share/texmf-texlive/fonts/type1/
public/amsfonts/cm/cmtt10.pfb>
Output written on si.pdf (23 pages, 2545781 bytes).
PDF statistics:
 6284 PDF objects out of 7423 (max. 8388607)
 3284 compressed objects within 33 object streams
 0 named destinations out of 1000 (max. 500000)
 61 words of extra memory for PDF output out of 10000 (max. 10000000)

